Build started 12/22/2011 11:13:40 PM.
     1>Project "C:\Users\ChiP\Documents\Visual Studio 2010\Projects\YAD\YAD\YAD.vcxproj" on node 2 (build target(s)).
     1>InitializeBuildStatus:
         Creating "Release\YAD.unsuccessfulbuild" because "AlwaysCreate" was specified.
       ClCompile:
         G:\Program Files (x86)\Microsoft Visual Studio 10.0\VC\bin\CL.exe /c /Zi /nologo /W3 /WX- /O2 /Oi /Oy- /GL /D _MBCS /Gm- /EHsc /MD /GS /Gy /fp:precise /Zc:wchar_t /Zc:forScope /Fo"Release\\" /Fd"Release\vc100.pdb" /Gd /TP /analyze- /errorReport:prompt main.cpp
         main.cpp
       Link:
         G:\Program Files (x86)\Microsoft Visual Studio 10.0\VC\bin\link.exe /ERRORREPORT:PROMPT /OUT:"C:\Users\ChiP\Documents\Visual Studio 2010\Projects\YAD\Release\YAD.exe" /NOLOGO SDL.lib SDLmain.lib SDL_image.lib SDL_ttf.lib kernel32.lib user32.lib gdi32.lib winspool.lib comdlg32.lib advapi32.lib shell32.lib ole32.lib oleaut32.lib uuid.lib odbc32.lib odbccp32.lib /MANIFEST /ManifestFile:"Release\YAD.exe.intermediate.manifest" /MANIFESTUAC:"level='asInvoker' uiAccess='false'" /DEBUG /PDB:"C:\Users\ChiP\Documents\Visual Studio 2010\Projects\YAD\Release\YAD.pdb" /SUBSYSTEM:WINDOWS /OPT:REF /OPT:ICF /LTCG /TLBID:1 /DYNAMICBASE /NXCOMPAT /IMPLIB:"C:\Users\ChiP\Documents\Visual Studio 2010\Projects\YAD\Release\YAD.lib" /MACHINE:X86 Release\main.obj
         Generating code
     1>c:\users\chip\documents\visual studio 2010\projects\yad\yad\main.cpp(37): warning C4700: uninitialized local variable 'event' used
         Finished generating code
         YAD.vcxproj -> C:\Users\ChiP\Documents\Visual Studio 2010\Projects\YAD\Release\YAD.exe
       Manifest:
         C:\Program Files (x86)\Microsoft SDKs\Windows\v7.0A\bin\mt.exe /nologo /verbose /outputresource:"C:\Users\ChiP\Documents\Visual Studio 2010\Projects\YAD\Release\YAD.exe;#1" /manifest Release\YAD.exe.intermediate.manifest
       FinalizeBuildStatus:
         Deleting file "Release\YAD.unsuccessfulbuild".
         Touching "Release\YAD.lastbuildstate".
     1>Done Building Project "C:\Users\ChiP\Documents\Visual Studio 2010\Projects\YAD\YAD\YAD.vcxproj" (build target(s)).

Build succeeded.

Time Elapsed 00:00:01.47
