Build started 12/18/2011 4:52:00 AM.
     1>Project "C:\Users\ChiP\Documents\Visual Studio 2010\Projects\YAD\YAD\YAD.vcxproj" on node 2 (build target(s)).
     1>InitializeBuildStatus:
         Creating "Debug\YAD.unsuccessfulbuild" because "AlwaysCreate" was specified.
       ClCompile:
         G:\Program Files (x86)\Microsoft Visual Studio 10.0\VC\bin\CL.exe /c /ZI /nologo /W3 /WX- /Od /Oy- /D _MBCS /Gm /EHsc /RTC1 /MD /GS /fp:precise /Zc:wchar_t /Zc:forScope /Fo"Debug\\" /Fd"Debug\vc100.pdb" /Gd /TP /analyze- /errorReport:prompt main.cpp
         main.cpp
     1>c:\users\chip\documents\visual studio 2010\projects\yad\yad\main.cpp(97): warning C4996: 'itoa': The POSIX name for this item is deprecated. Instead, use the ISO C++ conformant name: _itoa. See online help for details.
                 g:\program files (x86)\microsoft visual studio 10.0\vc\include\stdlib.h(867) : see declaration of 'itoa'
     1>c:\users\chip\documents\visual studio 2010\projects\yad\yad\main.cpp(37): warning C4700: uninitialized local variable 'event' used
       Link:
         G:\Program Files (x86)\Microsoft Visual Studio 10.0\VC\bin\link.exe /ERRORREPORT:PROMPT /OUT:"C:\Users\ChiP\Documents\Visual Studio 2010\Projects\YAD\Debug\YAD.exe" /NOLOGO SDL.lib SDLmain.lib SDL_image.lib SDL_ttf.lib kernel32.lib user32.lib gdi32.lib winspool.lib comdlg32.lib advapi32.lib shell32.lib ole32.lib oleaut32.lib uuid.lib odbc32.lib odbccp32.lib /MANIFEST /ManifestFile:"Debug\YAD.exe.intermediate.manifest" /MANIFESTUAC:"level='asInvoker' uiAccess='false'" /DEBUG /PDB:"C:\Users\ChiP\Documents\Visual Studio 2010\Projects\YAD\Debug\YAD.pdb" /SUBSYSTEM:WINDOWS /TLBID:1 /DYNAMICBASE /NXCOMPAT /IMPLIB:"C:\Users\ChiP\Documents\Visual Studio 2010\Projects\YAD\Debug\YAD.lib" /MACHINE:X86 Debug\main.obj
         LINK : C:\Users\ChiP\Documents\Visual Studio 2010\Projects\YAD\Debug\YAD.exe not found or not built by the last incremental link; performing full link
         YAD.vcxproj -> C:\Users\ChiP\Documents\Visual Studio 2010\Projects\YAD\Debug\YAD.exe
       Manifest:
         C:\Program Files (x86)\Microsoft SDKs\Windows\v7.0A\bin\mt.exe /nologo /verbose /outputresource:"C:\Users\ChiP\Documents\Visual Studio 2010\Projects\YAD\Debug\YAD.exe;#1" /manifest Debug\YAD.exe.intermediate.manifest
       FinalizeBuildStatus:
         Deleting file "Debug\YAD.unsuccessfulbuild".
         Touching "Debug\YAD.lastbuildstate".
     1>Done Building Project "C:\Users\ChiP\Documents\Visual Studio 2010\Projects\YAD\YAD\YAD.vcxproj" (build target(s)).

Build succeeded.

Time Elapsed 00:00:01.40
